	deleted:    .gitignore
	deleted:    .mailmap
	deleted:    AndroidKernel.mk
	deleted:    arch/alpha/kernel/init_task.c
	deleted:    arch/avr32/kernel/init_task.c
	deleted:    arch/blackfin/kernel/init_task.c
	deleted:    arch/frv/kernel/init_task.c
	deleted:    arch/h8300/kernel/init_task.c
	deleted:    arch/hexagon/kernel/init_task.c
	deleted:    arch/m32r/kernel/init_task.c
	deleted:    arch/m68k/kernel/init_task.c
	deleted:    arch/microblaze/kernel/init_task.c
	deleted:    arch/mips/include/asm/mach-ath79/pci-ath724x.h
	deleted:    arch/mips/kernel/init_task.c
	deleted:    arch/mips/pci/pci-ath724x.c
	deleted:    arch/mn10300/kernel/init_task.c
	deleted:    arch/openrisc/kernel/init_task.c
	deleted:    arch/parisc/kernel/init_task.c
	deleted:    arch/powerpc/kernel/init_task.c
	deleted:    arch/s390/kernel/init_task.c
	deleted:    arch/score/kernel/init_task.c
	deleted:    arch/sh/kernel/init_task.c
	deleted:    arch/sparc/kernel/init_task.c
	deleted:    arch/tile/kernel/init_task.c
	deleted:    arch/um/kernel/init_task.c
	deleted:    arch/unicore32/kernel/init_task.c
	deleted:    arch/x86/kernel/init_task.c
	deleted:    arch/xtensa/kernel/init_task.c
	deleted:    crypto/ocf/Config.in
	deleted:    crypto/ocf/Kconfig
	deleted:    crypto/ocf/Makefile
	deleted:    crypto/ocf/criov.c
	deleted:    crypto/ocf/crypto.c
	deleted:    crypto/ocf/cryptodev.c
	deleted:    crypto/ocf/cryptodev.h
	deleted:    crypto/ocf/cryptosoft.c
	deleted:    crypto/ocf/ocf-bench.c
	deleted:    crypto/ocf/ocf-compat.h
	deleted:    crypto/ocf/ocfnull/Makefile
	deleted:    crypto/ocf/ocfnull/ocfnull.c
	deleted:    crypto/ocf/random.c
	deleted:    crypto/ocf/rndtest.c
	deleted:    crypto/ocf/rndtest.h
	deleted:    crypto/ocf/uio.h
	deleted:    crypto/xz.c
	deleted:    drivers/base/sw_sync.c
	deleted:    drivers/base/sync.c
	deleted:    drivers/base/sys.c
	deleted:    drivers/coresight/Kconfig
	deleted:    drivers/coresight/Makefile
	deleted:    drivers/coresight/control_trace.c
	deleted:    drivers/coresight/coresight-csr.c
	deleted:    drivers/coresight/coresight-etb.c
	deleted:    drivers/coresight/coresight-etm-cp14.c
	deleted:    drivers/coresight/coresight-etm.c
	deleted:    drivers/coresight/coresight-funnel.c
	deleted:    drivers/coresight/coresight-priv.h
	deleted:    drivers/coresight/coresight-replicator.c
	deleted:    drivers/coresight/coresight-stm.c
	deleted:    drivers/coresight/coresight-tmc.c
	deleted:    drivers/coresight/coresight-tpiu.c
	deleted:    drivers/coresight/coresight.c
	deleted:    drivers/coresight/of_coresight.c
	deleted:    drivers/cpufreq/cpufreq_interactive.c
	deleted:    drivers/gpu/ion/Kconfig
	deleted:    drivers/gpu/ion/Makefile
	deleted:    drivers/gpu/ion/ion.c
	deleted:    drivers/gpu/ion/ion_carveout_heap.c
	deleted:    drivers/gpu/ion/ion_heap.c
	deleted:    drivers/gpu/ion/ion_priv.h
	deleted:    drivers/gpu/ion/ion_system_heap.c
	deleted:    drivers/gpu/ion/ion_system_mapper.c
	deleted:    drivers/gpu/ion/tegra/Makefile
	deleted:    drivers/gpu/ion/tegra/tegra_ion.c
	deleted:    drivers/gud/Makefile
	deleted:    drivers/input/keyreset.c
	deleted:    drivers/input/misc/gpio_axis.c
	deleted:    drivers/input/misc/gpio_buttons.c
	deleted:    drivers/input/misc/gpio_event.c
	deleted:    drivers/input/misc/gpio_input.c
	deleted:    drivers/input/misc/gpio_matrix.c
	deleted:    drivers/input/misc/gpio_output.c
	deleted:    drivers/input/misc/keychord.c
	deleted:    drivers/leds/ledtrig-morse.c
	deleted:    drivers/leds/ledtrig-netdev.c
	deleted:    drivers/leds/ledtrig-sleep.c
	deleted:    drivers/leds/ledtrig-usbdev.c
	deleted:    drivers/misc/uid_stat.c
	deleted:    drivers/mmc/host/msm_sdcc_dml.c
	deleted:    drivers/mmc/host/msm_sdcc_dml.h
	deleted:    drivers/net/ethernet/msm/Kconfig
	deleted:    drivers/net/ethernet/msm/Makefile
	deleted:    drivers/net/ethernet/msm/msm_rmnet_smux.c
	deleted:    drivers/net/ppp/pppolac.c
	deleted:    drivers/net/ppp/pppopns.c
	deleted:    drivers/pwm/gpio-pwm.c
	deleted:    drivers/pwm/pwm.c
	deleted:    drivers/spi/spi_gpio_old.c
	deleted:    drivers/spi/spi_qsd.c
	deleted:    drivers/spi/spi_qsd.h
	deleted:    drivers/staging/android/trace_persistent.c
	deleted:    drivers/staging/qcache/Kconfig
	deleted:    drivers/staging/qcache/Makefile
	deleted:    drivers/staging/qcache/fmem.c
	deleted:    drivers/staging/qcache/qcache-main.c
	deleted:    drivers/staging/qcache/tmem.c
	deleted:    drivers/staging/qcache/tmem.h
	deleted:    drivers/thermal/msm8960_tsens.c
	deleted:    drivers/tty/n_smux.c
	deleted:    drivers/tty/serial/msm_serial_hs_hwreg.h
	deleted:    drivers/tty/serial/msm_serial_hs_lite.c
	deleted:    drivers/tty/smux_ctl.c
	deleted:    drivers/tty/smux_debug.c
	deleted:    drivers/tty/smux_loopback.c
	deleted:    drivers/tty/smux_loopback.h
	deleted:    drivers/tty/smux_private.h
	deleted:    drivers/tty/smux_test.c
	deleted:    drivers/usb/dwc3/dwc3-ipq.c
	deleted:    drivers/usb/dwc3/dwc3_otg.c
	deleted:    drivers/usb/dwc3/dwc3_otg.h
	deleted:    drivers/usb/gadget/android.c
	deleted:    drivers/usb/gadget/f_accessory.c
	deleted:    drivers/usb/gadget/f_adb.c
	deleted:    drivers/usb/gadget/f_mtp.c
	deleted:    drivers/usb/host/ehci-msm2.c
	deleted:    drivers/usb/otg/otg-wakelock.c
	deleted:    drivers/video/msm/Kconfig
	deleted:    drivers/watchdog/qcom-wdt.c
	deleted:    fs/jffs2/compr_lzma.c
	deleted:    fs/overlayfs/Kconfig
	deleted:    fs/overlayfs/Makefile
	deleted:    fs/overlayfs/copy_up.c
	deleted:    fs/overlayfs/dir.c
	deleted:    fs/overlayfs/inode.c
	deleted:    fs/overlayfs/overlayfs.h
	deleted:    fs/overlayfs/readdir.c
	deleted:    fs/overlayfs/super.c
	deleted:    fs/yaffs2/Kconfig
	deleted:    fs/yaffs2/Makefile
	deleted:    fs/yaffs2/yaffs_allocator.c
	deleted:    fs/yaffs2/yaffs_allocator.h
	deleted:    fs/yaffs2/yaffs_attribs.c
	deleted:    fs/yaffs2/yaffs_attribs.h
	deleted:    fs/yaffs2/yaffs_bitmap.c
	deleted:    fs/yaffs2/yaffs_bitmap.h
	deleted:    fs/yaffs2/yaffs_checkptrw.c
	deleted:    fs/yaffs2/yaffs_checkptrw.h
	deleted:    fs/yaffs2/yaffs_ecc.c
	deleted:    fs/yaffs2/yaffs_ecc.h
	deleted:    fs/yaffs2/yaffs_getblockinfo.h
	deleted:    fs/yaffs2/yaffs_guts.c
	deleted:    fs/yaffs2/yaffs_guts.h
	deleted:    fs/yaffs2/yaffs_linux.h
	deleted:    fs/yaffs2/yaffs_mtdif.c
	deleted:    fs/yaffs2/yaffs_mtdif.h
	deleted:    fs/yaffs2/yaffs_mtdif1.c
	deleted:    fs/yaffs2/yaffs_mtdif1.h
	deleted:    fs/yaffs2/yaffs_mtdif2.c
	deleted:    fs/yaffs2/yaffs_mtdif2.h
	deleted:    fs/yaffs2/yaffs_nameval.c
	deleted:    fs/yaffs2/yaffs_nameval.h
	deleted:    fs/yaffs2/yaffs_nand.c
	deleted:    fs/yaffs2/yaffs_nand.h
	deleted:    fs/yaffs2/yaffs_packedtags1.c
	deleted:    fs/yaffs2/yaffs_packedtags1.h
	deleted:    fs/yaffs2/yaffs_packedtags2.c
	deleted:    fs/yaffs2/yaffs_packedtags2.h
	deleted:    fs/yaffs2/yaffs_tagscompat.c
	deleted:    fs/yaffs2/yaffs_tagscompat.h
	deleted:    fs/yaffs2/yaffs_tagsvalidity.c
	deleted:    fs/yaffs2/yaffs_tagsvalidity.h
	deleted:    fs/yaffs2/yaffs_trace.h
	deleted:    fs/yaffs2/yaffs_verify.c
	deleted:    fs/yaffs2/yaffs_verify.h
	deleted:    fs/yaffs2/yaffs_vfs.c
	deleted:    fs/yaffs2/yaffs_yaffs1.c
	deleted:    fs/yaffs2/yaffs_yaffs1.h
	deleted:    fs/yaffs2/yaffs_yaffs2.c
	deleted:    fs/yaffs2/yaffs_yaffs2.h
	deleted:    fs/yaffs2/yportenv.h
	deleted:    include/linux/android_aid.h
	deleted:    include/linux/android_pmem.h
	deleted:    include/linux/ar8216_platform.h
	deleted:    include/linux/ashmem.h
	deleted:    include/linux/coresight-stm.h
	deleted:    include/linux/coresight.h
	deleted:    include/linux/crashlog.h
	deleted:    include/linux/decompress/unlzo_mm.h
	deleted:    include/linux/earlysuspend.h
	deleted:    include/linux/fmem.h
	deleted:    include/linux/hashtable.h
	deleted:    include/linux/i2c/isa1200.h
	deleted:    include/linux/i2c/smb349.h
	deleted:    include/linux/if_pppolac.h
	deleted:    include/linux/if_pppopns.h
	deleted:    include/linux/ion.h
	deleted:    include/linux/iopoll.h
	deleted:    include/linux/keychord.h
	deleted:    include/linux/keyreset.h
	deleted:    include/linux/leds-pm8xxx.h
	deleted:    include/linux/leds-pmic8058.h
	deleted:    include/linux/lzma.h
	deleted:    include/linux/lzma/LzFind.h
	deleted:    include/linux/lzma/LzHash.h
	deleted:    include/linux/lzma/LzmaDec.h
	deleted:    include/linux/lzma/LzmaEnc.h
	deleted:    include/linux/lzma/Types.h
	deleted:    include/linux/memory_alloc.h
	deleted:    include/linux/mfd/pm8xxx/batt-alarm.h
	deleted:    include/linux/mfd/pm8xxx/batterydata-lib.h
	deleted:    include/linux/mfd/pm8xxx/ccadc.h
	deleted:    include/linux/mfd/pm8xxx/gpio.h
	deleted:    include/linux/mfd/pm8xxx/misc.h
	deleted:    include/linux/mfd/pm8xxx/mpp.h
	deleted:    include/linux/mfd/pm8xxx/nfc.h
	deleted:    include/linux/mfd/pm8xxx/pm8921-bms.h
	deleted:    include/linux/mfd/pm8xxx/pm8921-charger.h
	deleted:    include/linux/mfd/pm8xxx/pm8xxx-adc.h
	deleted:    include/linux/mfd/pm8xxx/pwm.h
	deleted:    include/linux/mfd/pm8xxx/tm.h
	deleted:    include/linux/mfd/pm8xxx/upl.h
	deleted:    include/linux/mfd/pm8xxx/vibrator.h
	deleted:    include/linux/mfd/pmic8058.h
	deleted:    include/linux/mfd/pmic8901.h
	deleted:    include/linux/mhl_8334.h
	deleted:    include/linux/mhl_defs.h
	deleted:    include/linux/mhl_devcap.h
	deleted:    include/linux/msm_audio.h
	deleted:    include/linux/msm_ion.h
	deleted:    include/linux/msm_rmnet.h
	deleted:    include/linux/msm_rpcrouter.h
	deleted:    include/linux/msm_smd_pkt.h
	deleted:    include/linux/msm_ssbi.h
	deleted:    include/linux/msm_tsens.h
	deleted:    include/linux/netfilter/xt_DSCPREMARK.h
	deleted:    include/linux/netfilter/xt_VLANTAG.h
	deleted:    include/linux/netfilter/xt_layer7.h
	deleted:    include/linux/netfilter/xt_qtaguid.h
	deleted:    include/linux/netfilter/xt_quota2.h
	deleted:    include/linux/persistent_ram.h
	deleted:    include/linux/pmic8058-othc.h
	deleted:    include/linux/pmic8058-pwm.h
	deleted:    include/linux/pmic8058-xoadc.h
	deleted:    include/linux/pwm/pwm.h
	deleted:    include/linux/regulator/pm8058-xo.h
	deleted:    include/linux/regulator/pm8xxx-regulator.h
	deleted:    include/linux/regulator/pmic8058-regulator.h
	deleted:    include/linux/regulator/pmic8901-regulator.h
	deleted:    include/linux/remote_spinlock.h
	deleted:    include/linux/rq_stats.h
	deleted:    include/linux/slimbus/slimbus.h
	deleted:    include/linux/slimport.h
	deleted:    include/linux/smux.h
	deleted:    include/linux/spi/spi_gpio_old.h
	deleted:    include/linux/stopwatch.h
	deleted:    include/linux/sw_sync.h
	deleted:    include/linux/sync.h
	deleted:    include/linux/sysdev.h
	deleted:    include/linux/tspp.h
	deleted:    include/linux/uid_stat.h
	deleted:    include/linux/usb/android.h
	deleted:    include/linux/usb/f_accessory.h
	deleted:    include/linux/usb/f_mtp.h
	deleted:    include/linux/wakelock.h
	deleted:    include/linux/wifi_tiwlan.h
	deleted:    include/linux/wlan_plat.h
	deleted:    include/net/Kbuild
	deleted:    include/net/activity_stats.h
	deleted:    include/net/codel.h
	deleted:    include/net/netfilter/nf_conntrack_dscpremark_ext.h
	deleted:    include/net/netfilter/nf_conntrack_vlantag_ext.h
	deleted:    include/sound/apr_audio.h
	deleted:    include/sound/dai.h
	deleted:    include/sound/msm-dai-q6.h
	deleted:    include/sound/soc-dpcm.h
	deleted:    include/trace/events/cpufreq_interactive.h
	deleted:    include/trace/events/exception.h
	deleted:    include/trace/events/mmc.h
	deleted:    kernel/crashlog.c
	deleted:    kernel/power/suspend_time.c
	deleted:    kernel/power/userwakelock.c
	deleted:    kernel/sched/sched_avg.c
	deleted:    lib/lzma/LzFind.c
	deleted:    lib/lzma/LzmaDec.c
	deleted:    lib/lzma/LzmaEnc.c
	deleted:    lib/lzma/Makefile
	deleted:    lib/memory_alloc.c
	deleted:    lib/stopwatch.c
	deleted:    make_defconfig.sh
	deleted:    net/activity_stats.c
	deleted:    net/core/skbuff_recycle.c
	deleted:    net/core/skbuff_recycle.h
	deleted:    net/ipv4/sysfs_net_ipv4.c
	deleted:    net/ipv6/inet6_stubs.c
	deleted:    net/netfilter/nf_conntrack_dscpremark_ext.c
	deleted:    net/netfilter/nf_conntrack_vlantag_ext.c
	deleted:    net/netfilter/regexp/regexp.c
	deleted:    net/netfilter/regexp/regexp.h
	deleted:    net/netfilter/regexp/regmagic.h
	deleted:    net/netfilter/regexp/regsub.c
	deleted:    net/netfilter/xt_DSCPREMARK.c
	deleted:    net/netfilter/xt_VLANTAG.c
	deleted:    net/netfilter/xt_layer7.c
	deleted:    net/netfilter/xt_mark2prio.c
	deleted:    net/netfilter/xt_qtaguid.c
	deleted:    net/netfilter/xt_qtaguid_internal.h
	deleted:    net/netfilter/xt_qtaguid_print.c
	deleted:    net/netfilter/xt_qtaguid_print.h
	deleted:    net/netfilter/xt_quota2.c
	deleted:    net/offload/Kconfig
	deleted:    net/offload/Makefile
	deleted:    net/offload/offload.c
	deleted:    net/offload/offload.h
	deleted:    net/sched/act_connmark.c
	deleted:    net/sched/sch_codel.c
	deleted:    net/sched/sch_esfq.c
	deleted:    net/sched/sch_fq_codel.c
	deleted:    scripts/build-all.py
	deleted:    scripts/gcc-wrapper.py
	deleted:    sound/soc/ipq/Kconfig
	deleted:    sound/soc/ipq/Makefile
	deleted:    sound/soc/ipq/ipq-cpu-dai.c
	deleted:    sound/soc/ipq/ipq-dmlite.c
	deleted:    sound/soc/ipq/ipq-dmlite.h
	deleted:    sound/soc/ipq/ipq-lpaif.c
	deleted:    sound/soc/ipq/ipq-lpaif.h
	deleted:    sound/soc/ipq/ipq-lpass-clk.c
	deleted:    sound/soc/ipq/ipq-lpass-codec.c
	deleted:    sound/soc/ipq/ipq-mi2s-codec.c
	deleted:    sound/soc/ipq/ipq-mi2s-codec.h
	deleted:    sound/soc/ipq/ipq-pcm-codec.c
	deleted:    sound/soc/ipq/ipq-pcm-mi2s.c
	deleted:    sound/soc/ipq/ipq-pcm-raw-lb-test.c
	deleted:    sound/soc/ipq/ipq-pcm-raw.c
	deleted:    sound/soc/ipq/ipq-pcm-spdif.c
	deleted:    sound/soc/ipq/ipq-pcm-voip.c
	deleted:    sound/soc/ipq/ipq-pcm.h
	deleted:    sound/soc/ipq/ipq-spdif-codec.c
	deleted:    sound/soc/ipq/ipq-spdif.c
	deleted:    sound/soc/ipq/ipq-spdif.h
	deleted:    sound/soc/ipq/ipq806x.c
	deleted:    sound/soc/ipq/ipq806x.h
	deleted:    tools/perf/builtin-periodic.c
	deleted.log
